2025-05-05T06:52:10.680+08:00  INFO 14392 --- [circutbreaker] [main] c.e.c.CircuitBreakerApplication          : Starting CircuitBreakerApplication using Java 17.0.8 with PID 14392 (C:\shankar\projects\circutbreaker\target\classes started by shank in C:\shankar\projects\circutbreaker)
2025-05-05T06:52:10.688+08:00 DEBUG 14392 --- [circutbreaker] [main] c.e.c.CircuitBreakerApplication          : Running with Spring Boot v3.4.5, Spring v6.2.6
2025-05-05T06:52:10.690+08:00  INFO 14392 --- [circutbreaker] [main] c.e.c.CircuitBreakerApplication          : No active profile set, falling back to 1 default profile: "default"
2025-05-05T06:52:13.731+08:00  INFO 14392 --- [circutbreaker] [main] o.s.b.w.embedded.tomcat.TomcatWebServer  : Tomcat initialized with port 8085 (http)
2025-05-05T06:52:13.751+08:00  INFO 14392 --- [circutbreaker] [main] o.apache.catalina.core.StandardService   : Starting service [Tomcat]
2025-05-05T06:52:13.752+08:00  INFO 14392 --- [circutbreaker] [main] o.apache.catalina.core.StandardEngine    : Starting Servlet engine: [Apache Tomcat/10.1.40]
2025-05-05T06:52:13.832+08:00  INFO 14392 --- [circutbreaker] [main] o.a.c.c.C.[Tomcat].[localhost].[/]       : Initializing Spring embedded WebApplicationContext
2025-05-05T06:52:13.832+08:00  INFO 14392 --- [circutbreaker] [main] w.s.c.ServletWebServerApplicationContext : Root WebApplicationContext: initialization completed in 3057 ms
2025-05-05T06:52:16.043+08:00  INFO 14392 --- [circutbreaker] [main] o.s.b.a.e.web.EndpointLinksResolver      : Exposing 27 endpoints beneath base path '/actuator'
2025-05-05T06:52:16.149+08:00  INFO 14392 --- [circutbreaker] [main] o.s.b.w.embedded.tomcat.TomcatWebServer  : Tomcat started on port 8085 (http) with context path '/'
2025-05-05T06:52:16.168+08:00  INFO 14392 --- [circutbreaker] [main] c.e.c.CircuitBreakerApplication          : Started CircuitBreakerApplication in 6.102 seconds (process running for 6.604)
2025-05-05T06:53:27.018+08:00  INFO 14392 --- [circutbreaker] [http-nio-8085-exec-1] o.a.c.c.C.[Tomcat].[localhost].[/]       : Initializing Spring DispatcherServlet 'dispatcherServlet'
2025-05-05T06:53:27.018+08:00  INFO 14392 --- [circutbreaker] [http-nio-8085-exec-1] o.s.web.servlet.DispatcherServlet        : Initializing Servlet 'dispatcherServlet'
2025-05-05T06:53:27.018+08:00  INFO 14392 --- [circutbreaker] [http-nio-8085-exec-1] o.s.web.servlet.DispatcherServlet        : Completed initialization in 0 ms
2025-05-05T06:53:27.747+08:00  INFO 14392 --- [circutbreaker] [http-nio-8085-exec-8] o.springdoc.api.AbstractOpenApiResource  : Init duration for springdoc-openapi is: 289 ms
2025-05-05T06:53:34.724+08:00 DEBUG 14392 --- [circutbreaker] [http-nio-8085-exec-9] c.e.c.c.CircuitBreakerController         : good morning circuit breaker {
  "userId": 5,
  "id": 46,
  "title": "aut quo modi neque nostrum ducimus",
  "body": "voluptatem quisquam iste\nvoluptatibus natus officiis facilis dolorem\nquis quas ipsam\nvel et voluptatum in aliquid"
}
2025-05-05T06:54:18.358+08:00 DEBUG 14392 --- [circutbreaker] [http-nio-8085-exec-10] c.e.c.c.CircuitBreakerController         : good morning circuit breaker {
  "userId": 3,
  "id": 21,
  "title": "asperiores ea ipsam voluptatibus modi minima quia sint",
  "body": "repellat aliquid praesentium dolorem quo\nsed totam minus non itaque\nnihil labore molestiae sunt dolor eveniet hic recusandae veniam\ntempora et tenetur expedita sunt"
}
2025-05-05T06:54:55.499+08:00  INFO 14392 --- [circutbreaker] [SpringApplicationShutdownHook] o.s.b.w.e.tomcat.GracefulShutdown        : Commencing graceful shutdown. Waiting for active requests to complete
2025-05-05T06:54:55.673+08:00  INFO 14392 --- [circutbreaker] [tomcat-shutdown] o.s.b.w.e.tomcat.GracefulShutdown        : Graceful shutdown complete
2025-05-05T06:55:00.019+08:00  INFO 15052 --- [circutbreaker] [main] c.e.c.CircuitBreakerApplication          : Starting CircuitBreakerApplication using Java 17.0.8 with PID 15052 (C:\shankar\projects\circutbreaker\target\classes started by shank in C:\shankar\projects\circutbreaker)
2025-05-05T06:55:00.023+08:00 DEBUG 15052 --- [circutbreaker] [main] c.e.c.CircuitBreakerApplication          : Running with Spring Boot v3.4.5, Spring v6.2.6
2025-05-05T06:55:00.024+08:00  INFO 15052 --- [circutbreaker] [main] c.e.c.CircuitBreakerApplication          : No active profile set, falling back to 1 default profile: "default"
2025-05-05T06:55:02.492+08:00  INFO 15052 --- [circutbreaker] [main] o.s.b.w.embedded.tomcat.TomcatWebServer  : Tomcat initialized with port 8085 (http)
2025-05-05T06:55:02.569+08:00  INFO 15052 --- [circutbreaker] [main] w.s.c.ServletWebServerApplicationContext : Root WebApplicationContext: initialization completed in 2490 ms
2025-05-05T06:55:05.210+08:00  INFO 15052 --- [circutbreaker] [main] o.s.b.a.e.web.EndpointLinksResolver      : Exposing 27 endpoints beneath base path '/actuator'
2025-05-05T06:55:05.304+08:00  INFO 15052 --- [circutbreaker] [main] o.s.b.w.embedded.tomcat.TomcatWebServer  : Tomcat started on port 8085 (http) with context path '/'
2025-05-05T06:55:05.323+08:00  INFO 15052 --- [circutbreaker] [main] c.e.c.CircuitBreakerApplication          : Started CircuitBreakerApplication in 5.858 seconds (process running for 6.252)
2025-05-05T06:55:05.325+08:00  INFO 15052 --- [circutbreaker] [SpringApplicationShutdownHook] o.s.b.w.e.tomcat.GracefulShutdown        : Commencing graceful shutdown. Waiting for active requests to complete
2025-05-05T06:55:05.553+08:00  INFO 15052 --- [circutbreaker] [tomcat-shutdown] o.s.b.w.e.tomcat.GracefulShutdown        : Graceful shutdown complete
2025-05-05T06:55:32.275+08:00  INFO 8528 --- [circutbreaker] [main] c.e.c.CircuitBreakerApplication          : Starting CircuitBreakerApplication using Java 17.0.8 with PID 8528 (C:\shankar\projects\circutbreaker\target\classes started by shank in C:\shankar\projects\circutbreaker)
2025-05-05T06:55:32.278+08:00 DEBUG 8528 --- [circutbreaker] [main] c.e.c.CircuitBreakerApplication          : Running with Spring Boot v3.4.5, Spring v6.2.6
2025-05-05T06:55:32.280+08:00  INFO 8528 --- [circutbreaker] [main] c.e.c.CircuitBreakerApplication          : No active profile set, falling back to 1 default profile: "default"
2025-05-05T06:55:34.692+08:00  INFO 8528 --- [circutbreaker] [main] o.s.b.w.embedded.tomcat.TomcatWebServer  : Tomcat initialized with port 8085 (http)
2025-05-05T06:55:34.707+08:00  INFO 8528 --- [circutbreaker] [main] o.apache.catalina.core.StandardService   : Starting service [Tomcat]
2025-05-05T06:55:34.708+08:00  INFO 8528 --- [circutbreaker] [main] o.apache.catalina.core.StandardEngine    : Starting Servlet engine: [Apache Tomcat/10.1.40]
2025-05-05T06:55:34.790+08:00  INFO 8528 --- [circutbreaker] [main] o.a.c.c.C.[Tomcat].[localhost].[/]       : Initializing Spring embedded WebApplicationContext
2025-05-05T06:55:34.791+08:00  INFO 8528 --- [circutbreaker] [main] w.s.c.ServletWebServerApplicationContext : Root WebApplicationContext: initialization completed in 2456 ms
2025-05-05T06:55:37.461+08:00  INFO 8528 --- [circutbreaker] [main] o.s.b.a.e.web.EndpointLinksResolver      : Exposing 27 endpoints beneath base path '/actuator'
2025-05-05T06:55:37.558+08:00  INFO 8528 --- [circutbreaker] [main] o.s.b.w.embedded.tomcat.TomcatWebServer  : Tomcat started on port 8085 (http) with context path '/'
2025-05-05T06:55:37.574+08:00  INFO 8528 --- [circutbreaker] [main] c.e.c.CircuitBreakerApplication          : Started CircuitBreakerApplication in 5.828 seconds (process running for 6.198)
2025-05-05T06:56:03.246+08:00  INFO 8528 --- [circutbreaker] [http-nio-8085-exec-1] o.a.c.c.C.[Tomcat].[localhost].[/]       : Initializing Spring DispatcherServlet 'dispatcherServlet'
2025-05-05T06:56:03.247+08:00  INFO 8528 --- [circutbreaker] [http-nio-8085-exec-1] o.s.web.servlet.DispatcherServlet        : Initializing Servlet 'dispatcherServlet'
2025-05-05T06:56:03.248+08:00  INFO 8528 --- [circutbreaker] [http-nio-8085-exec-1] o.s.web.servlet.DispatcherServlet        : Completed initialization in 1 ms
2025-05-05T06:56:03.321+08:00  WARN 8528 --- [circutbreaker] [http-nio-8085-exec-1] c.e.c.config.CircuitBreakerEventLogger   : ERROR: 2025-05-05T06:56:03.320504500+08:00[Asia/Singapore]: CircuitBreaker 'test' recorded an error: 'com.example.circutbreaker.service.TestCustomException: i am throwing exception'. Elapsed time: 0 ms
2025-05-05T06:56:03.328+08:00  INFO 8528 --- [circutbreaker] [http-nio-8085-exec-1] c.e.c.service.CircuitBreakerService      : fallback response
2025-05-05T06:56:03.329+08:00 DEBUG 8528 --- [circutbreaker] [http-nio-8085-exec-1] c.e.c.c.CircuitBreakerController         : good morning circuit breaker fallback response
2025-05-05T06:56:25.645+08:00  INFO 8528 --- [circutbreaker] [http-nio-8085-exec-4] c.e.c.config.CircuitBreakerEventLogger   : SUCCESS: 2025-05-05T06:56:25.645119+08:00[Asia/Singapore]: CircuitBreaker 'test' recorded a successful call. Elapsed time: 306 ms
2025-05-05T06:56:25.645+08:00 DEBUG 8528 --- [circutbreaker] [http-nio-8085-exec-4] c.e.c.c.CircuitBreakerController         : good morning circuit breaker {
  "userId": 1,
  "id": 7,
  "title": "magnam facilis autem",
  "body": "dolore placeat quibusdam ea quo vitae\nmagni quis enim qui quis quo nemo aut saepe\nquidem repellat excepturi ut quia\nsunt ut sequi eos ea sed quas"
}
2025-05-05T06:56:32.861+08:00  INFO 8528 --- [circutbreaker] [SpringApplicationShutdownHook] o.s.b.w.e.tomcat.GracefulShutdown        : Commencing graceful shutdown. Waiting for active requests to complete
2025-05-05T06:56:33.016+08:00  INFO 8528 --- [circutbreaker] [tomcat-shutdown] o.s.b.w.e.tomcat.GracefulShutdown        : Graceful shutdown complete
2025-05-05T07:12:31.714+08:00  INFO 9444 --- [circutbreaker] [main] c.e.c.service.CircuitBreakerServiceTest  : Starting CircuitBreakerServiceTest using Java 17.0.8 with PID 9444 (started by shank in C:\shankar\projects\circutbreaker)
2025-05-05T07:12:31.715+08:00 DEBUG 9444 --- [circutbreaker] [main] c.e.c.service.CircuitBreakerServiceTest  : Running with Spring Boot v3.4.5, Spring v6.2.6
2025-05-05T07:12:31.716+08:00  INFO 9444 --- [circutbreaker] [main] c.e.c.service.CircuitBreakerServiceTest  : No active profile set, falling back to 1 default profile: "default"
2025-05-05T07:12:36.134+08:00  INFO 9444 --- [circutbreaker] [main] o.s.b.a.e.web.EndpointLinksResolver      : Exposing 27 endpoints beneath base path '/actuator'
2025-05-05T07:12:36.218+08:00  INFO 9444 --- [circutbreaker] [main] c.e.c.service.CircuitBreakerServiceTest  : Started CircuitBreakerServiceTest in 4.871 seconds (process running for 5.838)
2025-05-05T07:17:47.997+08:00  INFO 1936 --- [circutbreaker] [main] c.e.c.service.CircuitBreakerServiceTest  : Starting CircuitBreakerServiceTest using Java 17.0.8 with PID 1936 (started by shank in C:\shankar\projects\circutbreaker)
2025-05-05T07:17:47.998+08:00 DEBUG 1936 --- [circutbreaker] [main] c.e.c.service.CircuitBreakerServiceTest  : Running with Spring Boot v3.4.5, Spring v6.2.6
2025-05-05T07:17:47.999+08:00  INFO 1936 --- [circutbreaker] [main] c.e.c.service.CircuitBreakerServiceTest  : No active profile set, falling back to 1 default profile: "default"
2025-05-05T07:17:52.624+08:00  INFO 1936 --- [circutbreaker] [main] o.s.b.a.e.web.EndpointLinksResolver      : Exposing 27 endpoints beneath base path '/actuator'
2025-05-05T07:17:52.715+08:00  INFO 1936 --- [circutbreaker] [main] c.e.c.service.CircuitBreakerServiceTest  : Started CircuitBreakerServiceTest in 5.099 seconds (process running for 6.248)
2025-05-05T07:17:53.536+08:00  WARN 1936 --- [circutbreaker] [main] c.e.c.config.CircuitBreakerEventLogger   : ERROR: 2025-05-05T07:17:53.536284800+08:00[Asia/Singapore]: CircuitBreaker 'test' recorded an error: 'java.lang.RuntimeException: Failing logic'. Elapsed time: 0 ms
2025-05-05T07:17:53.541+08:00  WARN 1936 --- [circutbreaker] [main] c.e.c.config.CircuitBreakerEventLogger   : ERROR: 2025-05-05T07:17:53.541285700+08:00[Asia/Singapore]: CircuitBreaker 'test' recorded an error: 'java.lang.RuntimeException: Failing logic'. Elapsed time: 0 ms
2025-05-05T07:17:53.541+08:00  WARN 1936 --- [circutbreaker] [main] c.e.c.config.CircuitBreakerEventLogger   : ERROR: 2025-05-05T07:17:53.541285700+08:00[Asia/Singapore]: CircuitBreaker 'test' recorded an error: 'java.lang.RuntimeException: Failing logic'. Elapsed time: 0 ms
2025-05-05T07:17:53.541+08:00  WARN 1936 --- [circutbreaker] [main] c.e.c.config.CircuitBreakerEventLogger   : ERROR: 2025-05-05T07:17:53.541285700+08:00[Asia/Singapore]: CircuitBreaker 'test' recorded an error: 'java.lang.RuntimeException: Failing logic'. Elapsed time: 0 ms
2025-05-05T07:17:53.542+08:00  WARN 1936 --- [circutbreaker] [main] c.e.c.config.CircuitBreakerEventLogger   : ERROR: 2025-05-05T07:17:53.542284300+08:00[Asia/Singapore]: CircuitBreaker 'test' recorded an error: 'java.lang.RuntimeException: Failing logic'. Elapsed time: 0 ms
2025-05-05T07:17:53.545+08:00  INFO 1936 --- [circutbreaker] [main] c.e.c.config.CircuitBreakerEventLogger   : STATE TRANSITION: State transition from CLOSED to OPEN
2025-05-05T07:17:53.546+08:00  WARN 1936 --- [circutbreaker] [main] c.e.c.config.CircuitBreakerEventLogger   : CALL NOT PERMITTED: 2025-05-05T07:17:53.546283400+08:00[Asia/Singapore]: CircuitBreaker 'test' recorded a call which was not permitted.
2025-05-05T07:17:53.546+08:00  WARN 1936 --- [circutbreaker] [main] c.e.c.config.CircuitBreakerEventLogger   : CALL NOT PERMITTED: 2025-05-05T07:17:53.546283400+08:00[Asia/Singapore]: CircuitBreaker 'test' recorded a call which was not permitted.
2025-05-05T07:17:53.546+08:00  WARN 1936 --- [circutbreaker] [main] c.e.c.config.CircuitBreakerEventLogger   : CALL NOT PERMITTED: 2025-05-05T07:17:53.546283400+08:00[Asia/Singapore]: CircuitBreaker 'test' recorded a call which was not permitted.
2025-05-05T07:17:53.546+08:00  WARN 1936 --- [circutbreaker] [main] c.e.c.config.CircuitBreakerEventLogger   : CALL NOT PERMITTED: 2025-05-05T07:17:53.546283400+08:00[Asia/Singapore]: CircuitBreaker 'test' recorded a call which was not permitted.
2025-05-05T07:17:53.547+08:00  WARN 1936 --- [circutbreaker] [main] c.e.c.config.CircuitBreakerEventLogger   : CALL NOT PERMITTED: 2025-05-05T07:17:53.547286200+08:00[Asia/Singapore]: CircuitBreaker 'test' recorded a call which was not permitted.
2025-05-05T07:18:17.545+08:00  INFO 11692 --- [circutbreaker] [main] c.e.c.service.CircuitBreakerServiceTest  : Starting CircuitBreakerServiceTest using Java 17.0.8 with PID 11692 (started by shank in C:\shankar\projects\circutbreaker)
2025-05-05T07:18:17.546+08:00 DEBUG 11692 --- [circutbreaker] [main] c.e.c.service.CircuitBreakerServiceTest  : Running with Spring Boot v3.4.5, Spring v6.2.6
2025-05-05T07:18:17.547+08:00  INFO 11692 --- [circutbreaker] [main] c.e.c.service.CircuitBreakerServiceTest  : No active profile set, falling back to 1 default profile: "default"
2025-05-05T07:18:22.125+08:00  INFO 11692 --- [circutbreaker] [main] o.s.b.a.e.web.EndpointLinksResolver      : Exposing 27 endpoints beneath base path '/actuator'
2025-05-05T07:18:22.208+08:00  INFO 11692 --- [circutbreaker] [main] c.e.c.service.CircuitBreakerServiceTest  : Started CircuitBreakerServiceTest in 4.993 seconds (process running for 6.041)
2025-05-05T07:18:23.037+08:00  WARN 11692 --- [circutbreaker] [main] c.e.c.config.CircuitBreakerEventLogger   : ERROR: 2025-05-05T07:18:23.037565900+08:00[Asia/Singapore]: CircuitBreaker 'test' recorded an error: 'java.lang.RuntimeException: Failing logic'. Elapsed time: 0 ms
2025-05-05T07:18:23.046+08:00  WARN 11692 --- [circutbreaker] [main] c.e.c.config.CircuitBreakerEventLogger   : ERROR: 2025-05-05T07:18:23.046560+08:00[Asia/Singapore]: CircuitBreaker 'test' recorded an error: 'java.lang.RuntimeException: Failing logic'. Elapsed time: 0 ms
2025-05-05T07:18:23.047+08:00  WARN 11692 --- [circutbreaker] [main] c.e.c.config.CircuitBreakerEventLogger   : ERROR: 2025-05-05T07:18:23.046560+08:00[Asia/Singapore]: CircuitBreaker 'test' recorded an error: 'java.lang.RuntimeException: Failing logic'. Elapsed time: 0 ms
2025-05-05T07:18:23.047+08:00  WARN 11692 --- [circutbreaker] [main] c.e.c.config.CircuitBreakerEventLogger   : ERROR: 2025-05-05T07:18:23.047559+08:00[Asia/Singapore]: CircuitBreaker 'test' recorded an error: 'java.lang.RuntimeException: Failing logic'. Elapsed time: 0 ms
2025-05-05T07:18:23.047+08:00  WARN 11692 --- [circutbreaker] [main] c.e.c.config.CircuitBreakerEventLogger   : ERROR: 2025-05-05T07:18:23.047559+08:00[Asia/Singapore]: CircuitBreaker 'test' recorded an error: 'java.lang.RuntimeException: Failing logic'. Elapsed time: 0 ms
2025-05-05T07:18:23.051+08:00  INFO 11692 --- [circutbreaker] [main] c.e.c.config.CircuitBreakerEventLogger   : STATE TRANSITION: State transition from CLOSED to OPEN
2025-05-05T07:18:23.052+08:00  WARN 11692 --- [circutbreaker] [main] c.e.c.config.CircuitBreakerEventLogger   : CALL NOT PERMITTED: 2025-05-05T07:18:23.052557900+08:00[Asia/Singapore]: CircuitBreaker 'test' recorded a call which was not permitted.
2025-05-05T07:18:23.052+08:00  WARN 11692 --- [circutbreaker] [main] c.e.c.config.CircuitBreakerEventLogger   : CALL NOT PERMITTED: 2025-05-05T07:18:23.052557900+08:00[Asia/Singapore]: CircuitBreaker 'test' recorded a call which was not permitted.
2025-05-05T07:18:23.053+08:00  WARN 11692 --- [circutbreaker] [main] c.e.c.config.CircuitBreakerEventLogger   : CALL NOT PERMITTED: 2025-05-05T07:18:23.052557900+08:00[Asia/Singapore]: CircuitBreaker 'test' recorded a call which was not permitted.
2025-05-05T07:18:23.053+08:00  WARN 11692 --- [circutbreaker] [main] c.e.c.config.CircuitBreakerEventLogger   : CALL NOT PERMITTED: 2025-05-05T07:18:23.053560100+08:00[Asia/Singapore]: CircuitBreaker 'test' recorded a call which was not permitted.
2025-05-05T07:18:23.053+08:00  WARN 11692 --- [circutbreaker] [main] c.e.c.config.CircuitBreakerEventLogger   : CALL NOT PERMITTED: 2025-05-05T07:18:23.053560100+08:00[Asia/Singapore]: CircuitBreaker 'test' recorded a call which was not permitted.
2025-05-05T07:19:36.322+08:00  INFO 14256 --- [circutbreaker] [main] c.e.c.service.CircuitBreakerServiceTest  : Starting CircuitBreakerServiceTest using Java 17.0.8 with PID 14256 (started by shank in C:\shankar\projects\circutbreaker)
2025-05-05T07:19:36.323+08:00 DEBUG 14256 --- [circutbreaker] [main] c.e.c.service.CircuitBreakerServiceTest  : Running with Spring Boot v3.4.5, Spring v6.2.6
2025-05-05T07:19:36.324+08:00  INFO 14256 --- [circutbreaker] [main] c.e.c.service.CircuitBreakerServiceTest  : No active profile set, falling back to 1 default profile: "default"
2025-05-05T07:19:40.816+08:00  INFO 14256 --- [circutbreaker] [main] o.s.b.a.e.web.EndpointLinksResolver      : Exposing 27 endpoints beneath base path '/actuator'
2025-05-05T07:19:40.901+08:00  INFO 14256 --- [circutbreaker] [main] c.e.c.service.CircuitBreakerServiceTest  : Started CircuitBreakerServiceTest in 4.937 seconds (process running for 5.914)
2025-05-05T07:19:41.677+08:00  WARN 14256 --- [circutbreaker] [main] c.e.c.config.CircuitBreakerEventLogger   : ERROR: 2025-05-05T07:19:41.677224100+08:00[Asia/Singapore]: CircuitBreaker 'test' recorded an error: 'java.lang.RuntimeException: Failing logic'. Elapsed time: 0 ms
2025-05-05T07:19:41.680+08:00  WARN 14256 --- [circutbreaker] [main] c.e.c.config.CircuitBreakerEventLogger   : ERROR: 2025-05-05T07:19:41.680268500+08:00[Asia/Singapore]: CircuitBreaker 'test' recorded an error: 'java.lang.RuntimeException: Failing logic'. Elapsed time: 0 ms
2025-05-05T07:19:41.680+08:00  WARN 14256 --- [circutbreaker] [main] c.e.c.config.CircuitBreakerEventLogger   : ERROR: 2025-05-05T07:19:41.680268500+08:00[Asia/Singapore]: CircuitBreaker 'test' recorded an error: 'java.lang.RuntimeException: Failing logic'. Elapsed time: 0 ms
2025-05-05T07:19:41.680+08:00  WARN 14256 --- [circutbreaker] [main] c.e.c.config.CircuitBreakerEventLogger   : ERROR: 2025-05-05T07:19:41.680268500+08:00[Asia/Singapore]: CircuitBreaker 'test' recorded an error: 'java.lang.RuntimeException: Failing logic'. Elapsed time: 0 ms
2025-05-05T07:19:41.680+08:00  WARN 14256 --- [circutbreaker] [main] c.e.c.config.CircuitBreakerEventLogger   : ERROR: 2025-05-05T07:19:41.680268500+08:00[Asia/Singapore]: CircuitBreaker 'test' recorded an error: 'java.lang.RuntimeException: Failing logic'. Elapsed time: 0 ms
2025-05-05T07:19:41.683+08:00  INFO 14256 --- [circutbreaker] [main] c.e.c.config.CircuitBreakerEventLogger   : STATE TRANSITION: State transition from CLOSED to OPEN
2025-05-05T07:19:41.684+08:00  WARN 14256 --- [circutbreaker] [main] c.e.c.config.CircuitBreakerEventLogger   : CALL NOT PERMITTED: 2025-05-05T07:19:41.684226500+08:00[Asia/Singapore]: CircuitBreaker 'test' recorded a call which was not permitted.
2025-05-05T07:19:41.684+08:00  WARN 14256 --- [circutbreaker] [main] c.e.c.config.CircuitBreakerEventLogger   : CALL NOT PERMITTED: 2025-05-05T07:19:41.684226500+08:00[Asia/Singapore]: CircuitBreaker 'test' recorded a call which was not permitted.
2025-05-05T07:19:41.684+08:00  WARN 14256 --- [circutbreaker] [main] c.e.c.config.CircuitBreakerEventLogger   : CALL NOT PERMITTED: 2025-05-05T07:19:41.684226500+08:00[Asia/Singapore]: CircuitBreaker 'test' recorded a call which was not permitted.
2025-05-05T07:19:41.684+08:00  WARN 14256 --- [circutbreaker] [main] c.e.c.config.CircuitBreakerEventLogger   : CALL NOT PERMITTED: 2025-05-05T07:19:41.684226500+08:00[Asia/Singapore]: CircuitBreaker 'test' recorded a call which was not permitted.
2025-05-05T07:19:41.684+08:00  WARN 14256 --- [circutbreaker] [main] c.e.c.config.CircuitBreakerEventLogger   : CALL NOT PERMITTED: 2025-05-05T07:19:41.684226500+08:00[Asia/Singapore]: CircuitBreaker 'test' recorded a call which was not permitted.
2025-05-05T07:19:41.734+08:00  INFO 14256 --- [circutbreaker] [main] c.e.c.config.CircuitBreakerEventLogger   : STATE TRANSITION: State transition from OPEN to CLOSED
2025-05-05T07:19:41.735+08:00  INFO 14256 --- [circutbreaker] [main] c.e.c.config.CircuitBreakerEventLogger   : SUCCESS: 2025-05-05T07:19:41.735153500+08:00[Asia/Singapore]: CircuitBreaker 'test' recorded a successful call. Elapsed time: 0 ms
2025-05-05T07:19:41.747+08:00  WARN 14256 --- [circutbreaker] [main] c.e.c.config.CircuitBreakerEventLogger   : ERROR: 2025-05-05T07:19:41.747157+08:00[Asia/Singapore]: CircuitBreaker 'test' recorded an error: 'java.lang.RuntimeException: Fail'. Elapsed time: 0 ms
2025-05-05T07:19:41.748+08:00  WARN 14256 --- [circutbreaker] [main] c.e.c.config.CircuitBreakerEventLogger   : ERROR: 2025-05-05T07:19:41.748154100+08:00[Asia/Singapore]: CircuitBreaker 'test' recorded an error: 'java.lang.RuntimeException: Fail'. Elapsed time: 0 ms
2025-05-05T07:19:41.749+08:00  WARN 14256 --- [circutbreaker] [main] c.e.c.config.CircuitBreakerEventLogger   : ERROR: 2025-05-05T07:19:41.748154100+08:00[Asia/Singapore]: CircuitBreaker 'test' recorded an error: 'java.lang.RuntimeException: Fail'. Elapsed time: 0 ms
2025-05-05T07:19:41.749+08:00  WARN 14256 --- [circutbreaker] [main] c.e.c.config.CircuitBreakerEventLogger   : ERROR: 2025-05-05T07:19:41.749153500+08:00[Asia/Singapore]: CircuitBreaker 'test' recorded an error: 'java.lang.RuntimeException: Fail'. Elapsed time: 0 ms
2025-05-05T07:19:41.751+08:00  INFO 14256 --- [circutbreaker] [main] c.e.c.config.CircuitBreakerEventLogger   : SUCCESS: 2025-05-05T07:19:41.750156100+08:00[Asia/Singapore]: CircuitBreaker 'test' recorded a successful call. Elapsed time: 0 ms
2025-05-05T07:19:41.751+08:00  INFO 14256 --- [circutbreaker] [main] c.e.c.config.CircuitBreakerEventLogger   : STATE TRANSITION: State transition from CLOSED to OPEN
2025-05-05T07:20:14.792+08:00  INFO 13416 --- [circutbreaker] [main] c.e.c.service.CircuitBreakerServiceTest  : Starting CircuitBreakerServiceTest using Java 17.0.8 with PID 13416 (started by shank in C:\shankar\projects\circutbreaker)
2025-05-05T07:20:14.794+08:00 DEBUG 13416 --- [circutbreaker] [main] c.e.c.service.CircuitBreakerServiceTest  : Running with Spring Boot v3.4.5, Spring v6.2.6
2025-05-05T07:20:14.795+08:00  INFO 13416 --- [circutbreaker] [main] c.e.c.service.CircuitBreakerServiceTest  : No active profile set, falling back to 1 default profile: "default"
2025-05-05T07:20:19.156+08:00  INFO 13416 --- [circutbreaker] [main] o.s.b.a.e.web.EndpointLinksResolver      : Exposing 27 endpoints beneath base path '/actuator'
2025-05-05T07:20:19.257+08:00  INFO 13416 --- [circutbreaker] [main] c.e.c.service.CircuitBreakerServiceTest  : Started CircuitBreakerServiceTest in 4.831 seconds (process running for 5.922)
2025-05-05T07:20:20.028+08:00  WARN 13416 --- [circutbreaker] [main] c.e.c.config.CircuitBreakerEventLogger   : ERROR: 2025-05-05T07:20:20.027676600+08:00[Asia/Singapore]: CircuitBreaker 'test' recorded an error: 'java.lang.RuntimeException: Fail'. Elapsed time: 0 ms
2025-05-05T07:20:20.031+08:00  WARN 13416 --- [circutbreaker] [main] c.e.c.config.CircuitBreakerEventLogger   : ERROR: 2025-05-05T07:20:20.031686900+08:00[Asia/Singapore]: CircuitBreaker 'test' recorded an error: 'java.lang.RuntimeException: Fail'. Elapsed time: 0 ms
2025-05-05T07:20:20.031+08:00  WARN 13416 --- [circutbreaker] [main] c.e.c.config.CircuitBreakerEventLogger   : ERROR: 2025-05-05T07:20:20.031686900+08:00[Asia/Singapore]: CircuitBreaker 'test' recorded an error: 'java.lang.RuntimeException: Fail'. Elapsed time: 0 ms
2025-05-05T07:20:20.031+08:00  WARN 13416 --- [circutbreaker] [main] c.e.c.config.CircuitBreakerEventLogger   : ERROR: 2025-05-05T07:20:20.031686900+08:00[Asia/Singapore]: CircuitBreaker 'test' recorded an error: 'java.lang.RuntimeException: Fail'. Elapsed time: 0 ms
2025-05-05T07:20:20.031+08:00  WARN 13416 --- [circutbreaker] [main] c.e.c.config.CircuitBreakerEventLogger   : ERROR: 2025-05-05T07:20:20.031686900+08:00[Asia/Singapore]: CircuitBreaker 'test' recorded an error: 'java.lang.RuntimeException: Fail'. Elapsed time: 0 ms
2025-05-05T07:20:20.035+08:00  INFO 13416 --- [circutbreaker] [main] c.e.c.config.CircuitBreakerEventLogger   : STATE TRANSITION: State transition from CLOSED to OPEN
2025-05-05T07:20:20.036+08:00  WARN 13416 --- [circutbreaker] [main] c.e.c.config.CircuitBreakerEventLogger   : CALL NOT PERMITTED: 2025-05-05T07:20:20.036681200+08:00[Asia/Singapore]: CircuitBreaker 'test' recorded a call which was not permitted.
2025-05-05T07:21:18.159+08:00  INFO 19724 --- [circutbreaker] [main] c.e.c.service.CircuitBreakerServiceTest  : Starting CircuitBreakerServiceTest using Java 17.0.8 with PID 19724 (started by shank in C:\shankar\projects\circutbreaker)
2025-05-05T07:21:18.161+08:00 DEBUG 19724 --- [circutbreaker] [main] c.e.c.service.CircuitBreakerServiceTest  : Running with Spring Boot v3.4.5, Spring v6.2.6
2025-05-05T07:21:18.162+08:00  INFO 19724 --- [circutbreaker] [main] c.e.c.service.CircuitBreakerServiceTest  : No active profile set, falling back to 1 default profile: "default"
2025-05-05T07:21:22.472+08:00  INFO 19724 --- [circutbreaker] [main] o.s.b.a.e.web.EndpointLinksResolver      : Exposing 27 endpoints beneath base path '/actuator'
2025-05-05T07:21:22.575+08:00  INFO 19724 --- [circutbreaker] [main] c.e.c.service.CircuitBreakerServiceTest  : Started CircuitBreakerServiceTest in 4.768 seconds (process running for 5.727)
2025-05-05T07:21:23.423+08:00  WARN 19724 --- [circutbreaker] [main] c.e.c.config.CircuitBreakerEventLogger   : ERROR: 2025-05-05T07:21:23.422561200+08:00[Asia/Singapore]: CircuitBreaker 'test' recorded an error: 'java.lang.RuntimeException: Failing logic'. Elapsed time: 0 ms
2025-05-05T07:21:23.427+08:00  WARN 19724 --- [circutbreaker] [main] c.e.c.config.CircuitBreakerEventLogger   : ERROR: 2025-05-05T07:21:23.427559600+08:00[Asia/Singapore]: CircuitBreaker 'test' recorded an error: 'java.lang.RuntimeException: Failing logic'. Elapsed time: 0 ms
2025-05-05T07:21:23.428+08:00  WARN 19724 --- [circutbreaker] [main] c.e.c.config.CircuitBreakerEventLogger   : ERROR: 2025-05-05T07:21:23.427559600+08:00[Asia/Singapore]: CircuitBreaker 'test' recorded an error: 'java.lang.RuntimeException: Failing logic'. Elapsed time: 0 ms
2025-05-05T07:21:23.428+08:00  WARN 19724 --- [circutbreaker] [main] c.e.c.config.CircuitBreakerEventLogger   : ERROR: 2025-05-05T07:21:23.428556900+08:00[Asia/Singapore]: CircuitBreaker 'test' recorded an error: 'java.lang.RuntimeException: Failing logic'. Elapsed time: 0 ms
2025-05-05T07:21:23.428+08:00  WARN 19724 --- [circutbreaker] [main] c.e.c.config.CircuitBreakerEventLogger   : ERROR: 2025-05-05T07:21:23.428556900+08:00[Asia/Singapore]: CircuitBreaker 'test' recorded an error: 'java.lang.RuntimeException: Failing logic'. Elapsed time: 0 ms
2025-05-05T07:21:23.432+08:00  INFO 19724 --- [circutbreaker] [main] c.e.c.config.CircuitBreakerEventLogger   : STATE TRANSITION: State transition from CLOSED to OPEN
2025-05-05T07:21:23.433+08:00  WARN 19724 --- [circutbreaker] [main] c.e.c.config.CircuitBreakerEventLogger   : CALL NOT PERMITTED: 2025-05-05T07:21:23.433559200+08:00[Asia/Singapore]: CircuitBreaker 'test' recorded a call which was not permitted.
2025-05-05T07:21:23.433+08:00  WARN 19724 --- [circutbreaker] [main] c.e.c.config.CircuitBreakerEventLogger   : CALL NOT PERMITTED: 2025-05-05T07:21:23.433559200+08:00[Asia/Singapore]: CircuitBreaker 'test' recorded a call which was not permitted.
2025-05-05T07:21:23.433+08:00  WARN 19724 --- [circutbreaker] [main] c.e.c.config.CircuitBreakerEventLogger   : CALL NOT PERMITTED: 2025-05-05T07:21:23.433559200+08:00[Asia/Singapore]: CircuitBreaker 'test' recorded a call which was not permitted.
2025-05-05T07:21:23.433+08:00  WARN 19724 --- [circutbreaker] [main] c.e.c.config.CircuitBreakerEventLogger   : CALL NOT PERMITTED: 2025-05-05T07:21:23.433559200+08:00[Asia/Singapore]: CircuitBreaker 'test' recorded a call which was not permitted.
2025-05-05T07:21:23.434+08:00  WARN 19724 --- [circutbreaker] [main] c.e.c.config.CircuitBreakerEventLogger   : CALL NOT PERMITTED: 2025-05-05T07:21:23.433559200+08:00[Asia/Singapore]: CircuitBreaker 'test' recorded a call which was not permitted.
2025-05-05T07:21:23.501+08:00  INFO 19724 --- [circutbreaker] [main] c.e.c.config.CircuitBreakerEventLogger   : STATE TRANSITION: State transition from OPEN to CLOSED
2025-05-05T07:21:23.502+08:00  INFO 19724 --- [circutbreaker] [main] c.e.c.config.CircuitBreakerEventLogger   : SUCCESS: 2025-05-05T07:21:23.502559700+08:00[Asia/Singapore]: CircuitBreaker 'test' recorded a successful call. Elapsed time: 0 ms
2025-05-05T07:21:23.510+08:00  WARN 19724 --- [circutbreaker] [main] c.e.c.config.CircuitBreakerEventLogger   : ERROR: 2025-05-05T07:21:23.510556900+08:00[Asia/Singapore]: CircuitBreaker 'test' recorded an error: 'java.lang.RuntimeException: Fail'. Elapsed time: 0 ms
2025-05-05T07:21:23.511+08:00  WARN 19724 --- [circutbreaker] [main] c.e.c.config.CircuitBreakerEventLogger   : ERROR: 2025-05-05T07:21:23.511559500+08:00[Asia/Singapore]: CircuitBreaker 'test' recorded an error: 'java.lang.RuntimeException: Fail'. Elapsed time: 0 ms
2025-05-05T07:21:23.512+08:00  WARN 19724 --- [circutbreaker] [main] c.e.c.config.CircuitBreakerEventLogger   : ERROR: 2025-05-05T07:21:23.512557900+08:00[Asia/Singapore]: CircuitBreaker 'test' recorded an error: 'java.lang.RuntimeException: Fail'. Elapsed time: 0 ms
2025-05-05T07:21:23.512+08:00  WARN 19724 --- [circutbreaker] [main] c.e.c.config.CircuitBreakerEventLogger   : ERROR: 2025-05-05T07:21:23.512557900+08:00[Asia/Singapore]: CircuitBreaker 'test' recorded an error: 'java.lang.RuntimeException: Fail'. Elapsed time: 0 ms
2025-05-05T07:21:23.512+08:00  WARN 19724 --- [circutbreaker] [main] c.e.c.config.CircuitBreakerEventLogger   : ERROR: 2025-05-05T07:21:23.512557900+08:00[Asia/Singapore]: CircuitBreaker 'test' recorded an error: 'java.lang.RuntimeException: Fail'. Elapsed time: 0 ms
2025-05-05T07:21:23.512+08:00  INFO 19724 --- [circutbreaker] [main] c.e.c.config.CircuitBreakerEventLogger   : STATE TRANSITION: State transition from CLOSED to OPEN
2025-05-05T07:21:23.513+08:00  WARN 19724 --- [circutbreaker] [main] c.e.c.config.CircuitBreakerEventLogger   : CALL NOT PERMITTED: 2025-05-05T07:21:23.513558100+08:00[Asia/Singapore]: CircuitBreaker 'test' recorded a call which was not permitted.
